<?xml version="1.0" encoding="UTF-8"?>
<testsuite xmlns:xsi="http://www.w3.org/2001/XMLSchema-instance" xsi:noNamespaceSchemaLocation="https://maven.apache.org/surefire/maven-surefire-plugin/xsd/surefire-test-report.xsd" name="org.example.AppTest" time="0.028" tests="1" errors="0" skipped="0" failures="0">
  <properties>
    <property name="java.specification.version" value="17"/>
    <property name="sun.cpu.isalist" value="amd64"/>
    <property name="sun.jnu.encoding" value="GBK"/>
    <property name="java.class.path" value="D:\eclipse-workspace\multiStirngMatching\target\test-classes;D:\eclipse-workspace\multiStirngMatching\target\classes;C:\Users\82084\.m2\repository\junit\junit\4.13.2\junit-4.13.2.jar;C:\Users\82084\.m2\repository\org\hamcrest\hamcrest-core\1.3\hamcrest-core-1.3.jar;C:\Users\82084\.m2\repository\org\choco-solver\choco-solver\4.10.10\choco-solver-4.10.10.jar;C:\Users\82084\.m2\repository\dk\brics\automaton\automaton\1.11-8\automaton-1.11-8.jar;C:\Users\82084\.m2\repository\org\jgrapht\jgrapht-core\1.4.0\jgrapht-core-1.4.0.jar;C:\Users\82084\.m2\repository\org\jheaps\jheaps\0.11\jheaps-0.11.jar;C:\Users\82084\.m2\repository\org\knowm\xchart\xchart\3.8.1\xchart-3.8.1.jar;C:\Users\82084\.m2\repository\de\erichseifert\vectorgraphics2d\VectorGraphics2D\0.13\VectorGraphics2D-0.13.jar;C:\Users\82084\.m2\repository\de\rototor\pdfbox\graphics2d\0.32\graphics2d-0.32.jar;C:\Users\82084\.m2\repository\org\apache\pdfbox\pdfbox\2.0.24\pdfbox-2.0.24.jar;C:\Users\82084\.m2\repository\org\apache\pdfbox\fontbox\2.0.24\fontbox-2.0.24.jar;C:\Users\82084\.m2\repository\commons-logging\commons-logging\1.2\commons-logging-1.2.jar;C:\Users\82084\.m2\repository\com\madgag\animated-gif-lib\1.4\animated-gif-lib-1.4.jar;C:\Users\82084\.m2\repository\net\sf\trove4j\trove4j\3.0.3\trove4j-3.0.3.jar;C:\Users\82084\.m2\repository\org\apache\logging\log4j\log4j-slf4j-impl\2.19.0\log4j-slf4j-impl-2.19.0.jar;C:\Users\82084\.m2\repository\org\slf4j\slf4j-api\1.7.25\slf4j-api-1.7.25.jar;C:\Users\82084\.m2\repository\org\apache\logging\log4j\log4j-api\2.19.0\log4j-api-2.19.0.jar;C:\Users\82084\.m2\repository\org\apache\logging\log4j\log4j-core\2.19.0\log4j-core-2.19.0.jar;C:\Users\82084\.m2\repository\org\postgresql\postgresql\42.5.1\postgresql-42.5.1.jar;C:\Users\82084\.m2\repository\org\checkerframework\checker-qual\3.5.0\checker-qual-3.5.0.jar;C:\Users\82084\.m2\repository\info\picocli\picocli\4.7.0\picocli-4.7.0.jar;C:\Users\82084\.m2\repository\com\fasterxml\jackson\dataformat\jackson-dataformat-csv\2.14.1\jackson-dataformat-csv-2.14.1.jar;C:\Users\82084\.m2\repository\com\fasterxml\jackson\core\jackson-annotations\2.14.1\jackson-annotations-2.14.1.jar;C:\Users\82084\.m2\repository\com\fasterxml\jackson\core\jackson-core\2.14.1\jackson-core-2.14.1.jar;C:\Users\82084\.m2\repository\com\fasterxml\jackson\core\jackson-databind\2.14.1\jackson-databind-2.14.1.jar;C:\Users\82084\.m2\repository\com\fasterxml\jackson\datatype\jackson-datatype-jsr310\2.14.1\jackson-datatype-jsr310-2.14.1.jar;"/>
    <property name="java.vm.vendor" value="Oracle Corporation"/>
    <property name="sun.arch.data.model" value="64"/>
    <property name="user.variant" value=""/>
    <property name="java.vendor.url" value="https://java.oracle.com/"/>
    <property name="user.timezone" value="GMT+08:00"/>
    <property name="user.country.format" value="GB"/>
    <property name="os.name" value="Windows 10"/>
    <property name="java.vm.specification.version" value="17"/>
    <property name="sun.java.launcher" value="SUN_STANDARD"/>
    <property name="user.country" value="CN"/>
    <property name="sun.boot.library.path" value="D:\java17\bin"/>
    <property name="sun.java.command" value="C:\Users\82084\AppData\Local\Temp\surefire12842017055492215683\surefirebooter17871449674109351913.jar C:\Users\82084\AppData\Local\Temp\surefire12842017055492215683 2024-04-22T15-28-27_342-jvmRun1 surefire4617675852551133959tmp surefire_06727051654944471536tmp"/>
    <property name="jdk.debug" value="release"/>
    <property name="surefire.test.class.path" value="D:\eclipse-workspace\multiStirngMatching\target\test-classes;D:\eclipse-workspace\multiStirngMatching\target\classes;C:\Users\82084\.m2\repository\junit\junit\4.13.2\junit-4.13.2.jar;C:\Users\82084\.m2\repository\org\hamcrest\hamcrest-core\1.3\hamcrest-core-1.3.jar;C:\Users\82084\.m2\repository\org\choco-solver\choco-solver\4.10.10\choco-solver-4.10.10.jar;C:\Users\82084\.m2\repository\dk\brics\automaton\automaton\1.11-8\automaton-1.11-8.jar;C:\Users\82084\.m2\repository\org\jgrapht\jgrapht-core\1.4.0\jgrapht-core-1.4.0.jar;C:\Users\82084\.m2\repository\org\jheaps\jheaps\0.11\jheaps-0.11.jar;C:\Users\82084\.m2\repository\org\knowm\xchart\xchart\3.8.1\xchart-3.8.1.jar;C:\Users\82084\.m2\repository\de\erichseifert\vectorgraphics2d\VectorGraphics2D\0.13\VectorGraphics2D-0.13.jar;C:\Users\82084\.m2\repository\de\rototor\pdfbox\graphics2d\0.32\graphics2d-0.32.jar;C:\Users\82084\.m2\repository\org\apache\pdfbox\pdfbox\2.0.24\pdfbox-2.0.24.jar;C:\Users\82084\.m2\repository\org\apache\pdfbox\fontbox\2.0.24\fontbox-2.0.24.jar;C:\Users\82084\.m2\repository\commons-logging\commons-logging\1.2\commons-logging-1.2.jar;C:\Users\82084\.m2\repository\com\madgag\animated-gif-lib\1.4\animated-gif-lib-1.4.jar;C:\Users\82084\.m2\repository\net\sf\trove4j\trove4j\3.0.3\trove4j-3.0.3.jar;C:\Users\82084\.m2\repository\org\apache\logging\log4j\log4j-slf4j-impl\2.19.0\log4j-slf4j-impl-2.19.0.jar;C:\Users\82084\.m2\repository\org\slf4j\slf4j-api\1.7.25\slf4j-api-1.7.25.jar;C:\Users\82084\.m2\repository\org\apache\logging\log4j\log4j-api\2.19.0\log4j-api-2.19.0.jar;C:\Users\82084\.m2\repository\org\apache\logging\log4j\log4j-core\2.19.0\log4j-core-2.19.0.jar;C:\Users\82084\.m2\repository\org\postgresql\postgresql\42.5.1\postgresql-42.5.1.jar;C:\Users\82084\.m2\repository\org\checkerframework\checker-qual\3.5.0\checker-qual-3.5.0.jar;C:\Users\82084\.m2\repository\info\picocli\picocli\4.7.0\picocli-4.7.0.jar;C:\Users\82084\.m2\repository\com\fasterxml\jackson\dataformat\jackson-dataformat-csv\2.14.1\jackson-dataformat-csv-2.14.1.jar;C:\Users\82084\.m2\repository\com\fasterxml\jackson\core\jackson-annotations\2.14.1\jackson-annotations-2.14.1.jar;C:\Users\82084\.m2\repository\com\fasterxml\jackson\core\jackson-core\2.14.1\jackson-core-2.14.1.jar;C:\Users\82084\.m2\repository\com\fasterxml\jackson\core\jackson-databind\2.14.1\jackson-databind-2.14.1.jar;C:\Users\82084\.m2\repository\com\fasterxml\jackson\datatype\jackson-datatype-jsr310\2.14.1\jackson-datatype-jsr310-2.14.1.jar;"/>
    <property name="sun.cpu.endian" value="little"/>
    <property name="user.home" value="C:\Users\82084"/>
    <property name="user.language" value="zh"/>
    <property name="java.specification.vendor" value="Oracle Corporation"/>
    <property name="java.version.date" value="2021-09-14"/>
    <property name="java.home" value="D:\java17"/>
    <property name="file.separator" value="\"/>
    <property name="basedir" value="D:\eclipse-workspace\multiStirngMatching"/>
    <property name="java.vm.compressedOopsMode" value="Zero based"/>
    <property name="line.separator" value="&#10;"/>
    <property name="java.vm.specification.vendor" value="Oracle Corporation"/>
    <property name="java.specification.name" value="Java Platform API Specification"/>
    <property name="surefire.real.class.path" value="C:\Users\82084\AppData\Local\Temp\surefire12842017055492215683\surefirebooter17871449674109351913.jar"/>
    <property name="user.script" value=""/>
    <property name="sun.management.compiler" value="HotSpot 64-Bit Tiered Compilers"/>
    <property name="java.runtime.version" value="17+35-LTS-2724"/>
    <property name="user.name" value="82084"/>
    <property name="path.separator" value=";"/>
    <property name="os.version" value="10.0"/>
    <property name="java.runtime.name" value="Java(TM) SE Runtime Environment"/>
    <property name="file.encoding" value="Cp1252"/>
    <property name="java.vm.name" value="Java HotSpot(TM) 64-Bit Server VM"/>
    <property name="localRepository" value="C:\Users\82084\.m2\repository"/>
    <property name="java.vendor.url.bug" value="https://bugreport.java.com/bugreport/"/>
    <property name="java.io.tmpdir" value="C:\Users\82084\AppData\Local\Temp\"/>
    <property name="idea.version" value="2024.1"/>
    <property name="java.version" value="17"/>
    <property name="user.dir" value="D:\eclipse-workspace\multiStirngMatching"/>
    <property name="os.arch" value="amd64"/>
    <property name="java.vm.specification.name" value="Java Virtual Machine Specification"/>
    <property name="user.language.format" value="en"/>
    <property name="sun.os.patch.level" value=""/>
    <property name="native.encoding" value="Cp1252"/>
    <property name="java.library.path" value="D:\java17\bin;C:\WINDOWS\Sun\Java\bin;C:\WINDOWS\system32;C:\WINDOWS;C:\Program Files\Common Files\Oracle\Java\javapath;C:\windows\system32;C:\windows;C:\windows\System32\Wbem;C:\windows\System32\WindowsPowerShell\v1.0\;C:\windows\System32\OpenSSH\;C:\Program Files (x86)\NVIDIA Corporation\PhysX\Common;C:\Program Files\NVIDIA Corporation\NVIDIA NvDLISR;C:\WINDOWS\system32;C:\WINDOWS;C:\WINDOWS\System32\Wbem;C:\WINDOWS\System32\WindowsPowerShell\v1.0\;C:\WINDOWS\System32\OpenSSH\;D:\maven\apache-maven-3.8.1\bin;D:\Git\cmd;D:\java16\bin;D:\java16\jre\bin;D:\python;D:\nodejs\;C:\Program Files\Graphviz\bin;C:\Program Files\Pandoc\;C:\Program Files\Microsoft VS Code\bin;C:\Program Files\dotnet\;C:\Program Files (x86)\dotnet\;D:\python\Scripts\;D:\python\;C:\Users\82084\AppData\Local\Microsoft\WindowsApps;C:\Users\82084\AppData\Local\GitHubDesktop\bin;C:\Users\82084\AppData\Roaming\npm;C:\Users\82084\AppData\Local\JetBrains\Toolbox\scripts;C:\Users\82084\AppData\Local\Microsoft\WindowsApps;."/>
    <property name="java.vm.info" value="mixed mode, sharing"/>
    <property name="java.vendor" value="Oracle Corporation"/>
    <property name="java.vm.version" value="17+35-LTS-2724"/>
    <property name="sun.io.unicode.encoding" value="UnicodeLittle"/>
    <property name="java.class.version" value="61.0"/>
  </properties>
  <testcase name="testApp" classname="org.example.AppTest" time="0.002"/>
</testsuite>